<?xml version="1.0" encoding="UTF-8"?>
<testng-results ignored="2" total="4" passed="2" failed="0" skipped="0">
  <reporter-output>
    <line>
      <![CDATA[Open URL : https://www.saucedemo.com/inventory.html</br>]]>
    </line>
    <line>
      <![CDATA[Do login with valid username and password.</br>]]>
    </line>
    <line>
      <![CDATA[Open URL : https://www.saucedemo.com/inventory.html</br>]]>
    </line>
    <line>
      <![CDATA[Do login with valid username and password.</br>]]>
    </line>
    <line>
      <![CDATA[Open URL : https://www.saucedemo.com/inventory.html</br>]]>
    </line>
    <line>
      <![CDATA[Click on 1st link.</br>]]>
    </line>
    <line>
      <![CDATA[Open URL : https://www.saucedemo.com/inventory.html</br>]]>
    </line>
    <line>
      <![CDATA[Click on 1st link.</br>]]>
    </line>
    <line>
      <![CDATA[<Strong><b>Do_Login is passed.</b></font></strong></br>]]>
    </line>
    <line>
      <![CDATA[<Strong><b>Do_Logout is passed.</b></font></strong></br>]]>
    </line>
  </reporter-output>
  <suite started-at="2022-07-06T11:23:10 IST" name="SourcePro" finished-at="2022-07-06T11:23:21 IST" duration-ms="11004">
    <groups>
    </groups>
    <test started-at="2022-07-06T11:23:10 IST" name="Do_Login" finished-at="2022-07-06T11:23:21 IST" duration-ms="10805">
      <class name="com.sourcepro.Login.LoginIndex">
        <test-method is-config="true" signature="fetchSuiteConfiguration(org.testng.ITestContext)[pri:0, instance:com.sourcepro.Login.LoginIndex@1d730606]" started-at="2022-07-06T11:23:10 IST" name="fetchSuiteConfiguration" finished-at="2022-07-06T11:23:10 IST" duration-ms="2" status="PASS">
          <params>
            <param index="0">
              <value>
                <![CDATA[org.testng.TestRunner@847f3e7]]>
              </value>
            </param>
          </params>
          <reporter-output>
          </reporter-output>
        </test-method> <!-- fetchSuiteConfiguration -->
        <test-method is-config="true" signature="setUp(java.lang.reflect.Method,org.testng.ITestContext,org.testng.ITestResult,java.lang.String,java.lang.String)[pri:0, instance:com.sourcepro.Login.LoginIndex@1d730606]" started-at="2022-07-06T11:23:10 IST" name="setUp" finished-at="2022-07-06T11:23:16 IST" duration-ms="5953" status="PASS">
          <params>
            <param index="0">
              <value>
                <![CDATA[public void com.sourcepro.Login.LoginIndex.logout() throws java.io.IOException]]>
              </value>
            </param>
            <param index="1">
              <value>
                <![CDATA[org.testng.TestRunner@847f3e7]]>
              </value>
            </param>
            <param index="2">
              <value>
                <![CDATA[[TestResult name={null} status=CREATED method=LoginIndex.logout()[pri:0, instance:com.sourcepro.Login.LoginIndex@1d730606] output={null}]]]>
              </value>
            </param>
            <param index="3">
              <value>
                <![CDATA[standard_user]]>
              </value>
            </param>
            <param index="4">
              <value>
                <![CDATA[secret_sauce]]>
              </value>
            </param>
          </params>
          <reporter-output>
            <line>
              <![CDATA[Open URL : https://www.saucedemo.com/inventory.html</br>]]>
            </line>
            <line>
              <![CDATA[Do login with valid username and password.</br>]]>
            </line>
          </reporter-output>
        </test-method> <!-- setUp -->
        <test-method signature="logout()[pri:0, instance:com.sourcepro.Login.LoginIndex@1d730606]" started-at="2022-07-06T11:23:16 IST" name="logout" finished-at="2022-07-06T11:23:21 IST" duration-ms="4675" status="PASS">
          <reporter-output>
            <line>
              <![CDATA[Open URL : https://www.saucedemo.com/inventory.html</br>]]>
            </line>
            <line>
              <![CDATA[Click on 1st link.</br>]]>
            </line>
            <line>
              <![CDATA[<Strong><b>Do_Login is passed.</b></font></strong></br>]]>
            </line>
          </reporter-output>
        </test-method> <!-- logout -->
        <test-method is-config="true" signature="tearDown(org.testng.ITestResult,org.testng.ITestContext)[pri:0, instance:com.sourcepro.Login.LoginIndex@1d730606]" started-at="2022-07-06T11:23:21 IST" name="tearDown" finished-at="2022-07-06T11:23:21 IST" duration-ms="118" status="PASS">
          <params>
            <param index="0">
              <value>
                <![CDATA[[TestResult name=logout status=SUCCESS method=LoginIndex.logout()[pri:0, instance:com.sourcepro.Login.LoginIndex@1d730606] output=Open URL : https://www.saucedemo.com/inventory.html</br>]]]>
              </value>
            </param>
            <param index="1">
              <value>
                <![CDATA[org.testng.TestRunner@847f3e7]]>
              </value>
            </param>
          </params>
          <reporter-output>
          </reporter-output>
        </test-method> <!-- tearDown -->
      </class> <!-- com.sourcepro.Login.LoginIndex -->
    </test> <!-- Do_Login -->
    <test started-at="2022-07-06T11:23:10 IST" name="Do_Logout" finished-at="2022-07-06T11:23:21 IST" duration-ms="11004">
      <class name="com.sourcepro.Login.LoginIndex">
        <test-method is-config="true" signature="fetchSuite(org.testng.ITestContext)[pri:0, instance:com.sourcepro.Login.LoginIndex@260e86a1]" started-at="2022-07-06T11:23:10 IST" name="fetchSuite" finished-at="2022-07-06T11:23:10 IST" duration-ms="18" status="PASS">
          <params>
            <param index="0">
              <value>
                <![CDATA[org.testng.TestRunner@264c5d07]]>
              </value>
            </param>
          </params>
          <reporter-output>
          </reporter-output>
        </test-method> <!-- fetchSuite -->
        <test-method is-config="true" signature="fetchSuiteConfiguration(org.testng.ITestContext)[pri:0, instance:com.sourcepro.Login.LoginIndex@260e86a1]" started-at="2022-07-06T11:23:10 IST" name="fetchSuiteConfiguration" finished-at="2022-07-06T11:23:10 IST" duration-ms="0" status="PASS">
          <params>
            <param index="0">
              <value>
                <![CDATA[org.testng.TestRunner@264c5d07]]>
              </value>
            </param>
          </params>
          <reporter-output>
          </reporter-output>
        </test-method> <!-- fetchSuiteConfiguration -->
        <test-method is-config="true" signature="setUp(java.lang.reflect.Method,org.testng.ITestContext,org.testng.ITestResult,java.lang.String,java.lang.String)[pri:0, instance:com.sourcepro.Login.LoginIndex@260e86a1]" started-at="2022-07-06T11:23:10 IST" name="setUp" finished-at="2022-07-06T11:23:16 IST" duration-ms="6207" status="PASS">
          <params>
            <param index="0">
              <value>
                <![CDATA[public void com.sourcepro.Login.LoginIndex.logout() throws java.io.IOException]]>
              </value>
            </param>
            <param index="1">
              <value>
                <![CDATA[org.testng.TestRunner@264c5d07]]>
              </value>
            </param>
            <param index="2">
              <value>
                <![CDATA[[TestResult name={null} status=CREATED method=LoginIndex.logout()[pri:0, instance:com.sourcepro.Login.LoginIndex@260e86a1] output={null}]]]>
              </value>
            </param>
            <param index="3">
              <value>
                <![CDATA[standard_user]]>
              </value>
            </param>
            <param index="4">
              <value>
                <![CDATA[secret_sauce]]>
              </value>
            </param>
          </params>
          <reporter-output>
            <line>
              <![CDATA[Open URL : https://www.saucedemo.com/inventory.html</br>]]>
            </line>
            <line>
              <![CDATA[Do login with valid username and password.</br>]]>
            </line>
          </reporter-output>
        </test-method> <!-- setUp -->
        <test-method signature="logout()[pri:0, instance:com.sourcepro.Login.LoginIndex@260e86a1]" started-at="2022-07-06T11:23:16 IST" name="logout" finished-at="2022-07-06T11:23:21 IST" duration-ms="4616" status="PASS">
          <reporter-output>
            <line>
              <![CDATA[Open URL : https://www.saucedemo.com/inventory.html</br>]]>
            </line>
            <line>
              <![CDATA[Click on 1st link.</br>]]>
            </line>
            <line>
              <![CDATA[<Strong><b>Do_Logout is passed.</b></font></strong></br>]]>
            </line>
          </reporter-output>
        </test-method> <!-- logout -->
        <test-method is-config="true" signature="tearDown(org.testng.ITestResult,org.testng.ITestContext)[pri:0, instance:com.sourcepro.Login.LoginIndex@260e86a1]" started-at="2022-07-06T11:23:21 IST" name="tearDown" finished-at="2022-07-06T11:23:21 IST" duration-ms="131" status="PASS">
          <params>
            <param index="0">
              <value>
                <![CDATA[[TestResult name=logout status=SUCCESS method=LoginIndex.logout()[pri:0, instance:com.sourcepro.Login.LoginIndex@260e86a1] output=Open URL : https://www.saucedemo.com/inventory.html</br>]]]>
              </value>
            </param>
            <param index="1">
              <value>
                <![CDATA[org.testng.TestRunner@264c5d07]]>
              </value>
            </param>
          </params>
          <reporter-output>
          </reporter-output>
        </test-method> <!-- tearDown -->
        <test-method is-config="true" signature="postConfigue()[pri:0, instance:com.sourcepro.Login.LoginIndex@260e86a1]" started-at="2022-07-06T11:23:21 IST" name="postConfigue" finished-at="2022-07-06T11:23:21 IST" duration-ms="0" status="PASS">
          <reporter-output>
          </reporter-output>
        </test-method> <!-- postConfigue -->
      </class> <!-- com.sourcepro.Login.LoginIndex -->
    </test> <!-- Do_Logout -->
  </suite> <!-- SourcePro -->
</testng-results>
